2020-04-24 14:19:36 Error: [Cake\Database\Exception] SQLSTATE[42S02]: Base table or view not found: 1146 Table 'caketaksedap.user' doesn't exist in C:\xampp\htdocs\caketaksedap\vendor\cakephp\cakephp\src\Database\Schema\Collection.php on line 142
Stack Trace:
- C:\xampp\htdocs\caketaksedap\vendor\cakephp\cakephp\src\Database\Schema\Collection.php:100
- C:\xampp\htdocs\caketaksedap\vendor\cakephp\cakephp\src\Database\Schema\CachedCollection.php:84
- C:\xampp\htdocs\caketaksedap\vendor\cakephp\cakephp\src\ORM\Table.php:509
- C:\xampp\htdocs\caketaksedap\vendor\cakephp\cakephp\src\ORM\Table.php:649
- C:\xampp\htdocs\caketaksedap\vendor\cakephp\bake\src\Command\ModelCommand.php:200
- C:\xampp\htdocs\caketaksedap\vendor\cakephp\bake\src\Command\ModelCommand.php:123
- C:\xampp\htdocs\caketaksedap\vendor\cakephp\bake\src\Command\ModelCommand.php:99
- C:\xampp\htdocs\caketaksedap\vendor\cakephp\bake\src\Command\ModelCommand.php:82
- C:\xampp\htdocs\caketaksedap\vendor\cakephp\bake\src\Command\AllCommand.php:94
- C:\xampp\htdocs\caketaksedap\vendor\cakephp\cakephp\src\Console\BaseCommand.php:175
- C:\xampp\htdocs\caketaksedap\vendor\cakephp\cakephp\src\Console\CommandRunner.php:336
- C:\xampp\htdocs\caketaksedap\vendor\cakephp\cakephp\src\Console\CommandRunner.php:171
- C:\xampp\htdocs\caketaksedap\bin\cake.php:12

Caused by: [PDOException] SQLSTATE[42S02]: Base table or view not found: 1146 Table 'caketaksedap.user' doesn't exist in C:\xampp\htdocs\caketaksedap\vendor\cakephp\cakephp\src\Database\Statement\MysqlStatement.php on line 39
Stack Trace:
- C:\xampp\htdocs\caketaksedap\vendor\cakephp\cakephp\src\Database\Statement\MysqlStatement.php:39
- C:\xampp\htdocs\caketaksedap\vendor\cakephp\cakephp\src\Database\Connection.php:358
- C:\xampp\htdocs\caketaksedap\vendor\cakephp\cakephp\src\Core\Retry\CommandRetry.php:69
- C:\xampp\htdocs\caketaksedap\vendor\cakephp\cakephp\src\Database\Connection.php:361
- C:\xampp\htdocs\caketaksedap\vendor\cakephp\cakephp\src\Database\Connection.php:310
- C:\xampp\htdocs\caketaksedap\vendor\cakephp\cakephp\src\Core\Retry\CommandRetry.php:69
- C:\xampp\htdocs\caketaksedap\vendor\cakephp\cakephp\src\Database\Connection.php:314
- C:\xampp\htdocs\caketaksedap\vendor\cakephp\cakephp\src\Database\Schema\Collection.php:140
- C:\xampp\htdocs\caketaksedap\vendor\cakephp\cakephp\src\Database\Schema\Collection.php:100
- C:\xampp\htdocs\caketaksedap\vendor\cakephp\cakephp\src\Database\Schema\CachedCollection.php:84
- C:\xampp\htdocs\caketaksedap\vendor\cakephp\cakephp\src\ORM\Table.php:509
- C:\xampp\htdocs\caketaksedap\vendor\cakephp\cakephp\src\ORM\Table.php:649
- C:\xampp\htdocs\caketaksedap\vendor\cakephp\bake\src\Command\ModelCommand.php:200
- C:\xampp\htdocs\caketaksedap\vendor\cakephp\bake\src\Command\ModelCommand.php:123
- C:\xampp\htdocs\caketaksedap\vendor\cakephp\bake\src\Command\ModelCommand.php:99
- C:\xampp\htdocs\caketaksedap\vendor\cakephp\bake\src\Command\ModelCommand.php:82
- C:\xampp\htdocs\caketaksedap\vendor\cakephp\bake\src\Command\AllCommand.php:94
- C:\xampp\htdocs\caketaksedap\vendor\cakephp\cakephp\src\Console\BaseCommand.php:175
- C:\xampp\htdocs\caketaksedap\vendor\cakephp\cakephp\src\Console\CommandRunner.php:336
- C:\xampp\htdocs\caketaksedap\vendor\cakephp\cakephp\src\Console\CommandRunner.php:171
- C:\xampp\htdocs\caketaksedap\bin\cake.php:12



2020-04-24 14:19:42 Error: [Cake\Database\Exception] SQLSTATE[42S02]: Base table or view not found: 1146 Table 'caketaksedap.post' doesn't exist in C:\xampp\htdocs\caketaksedap\vendor\cakephp\cakephp\src\Database\Schema\Collection.php on line 142
Stack Trace:
- C:\xampp\htdocs\caketaksedap\vendor\cakephp\cakephp\src\Database\Schema\Collection.php:100
- C:\xampp\htdocs\caketaksedap\vendor\cakephp\cakephp\src\Database\Schema\CachedCollection.php:84
- C:\xampp\htdocs\caketaksedap\vendor\cakephp\cakephp\src\ORM\Table.php:509
- C:\xampp\htdocs\caketaksedap\vendor\cakephp\cakephp\src\ORM\Table.php:649
- C:\xampp\htdocs\caketaksedap\vendor\cakephp\bake\src\Command\ModelCommand.php:200
- C:\xampp\htdocs\caketaksedap\vendor\cakephp\bake\src\Command\ModelCommand.php:123
- C:\xampp\htdocs\caketaksedap\vendor\cakephp\bake\src\Command\ModelCommand.php:99
- C:\xampp\htdocs\caketaksedap\vendor\cakephp\bake\src\Command\ModelCommand.php:82
- C:\xampp\htdocs\caketaksedap\vendor\cakephp\bake\src\Command\AllCommand.php:94
- C:\xampp\htdocs\caketaksedap\vendor\cakephp\cakephp\src\Console\BaseCommand.php:175
- C:\xampp\htdocs\caketaksedap\vendor\cakephp\cakephp\src\Console\CommandRunner.php:336
- C:\xampp\htdocs\caketaksedap\vendor\cakephp\cakephp\src\Console\CommandRunner.php:171
- C:\xampp\htdocs\caketaksedap\bin\cake.php:12

Caused by: [PDOException] SQLSTATE[42S02]: Base table or view not found: 1146 Table 'caketaksedap.post' doesn't exist in C:\xampp\htdocs\caketaksedap\vendor\cakephp\cakephp\src\Database\Statement\MysqlStatement.php on line 39
Stack Trace:
- C:\xampp\htdocs\caketaksedap\vendor\cakephp\cakephp\src\Database\Statement\MysqlStatement.php:39
- C:\xampp\htdocs\caketaksedap\vendor\cakephp\cakephp\src\Database\Connection.php:358
- C:\xampp\htdocs\caketaksedap\vendor\cakephp\cakephp\src\Core\Retry\CommandRetry.php:69
- C:\xampp\htdocs\caketaksedap\vendor\cakephp\cakephp\src\Database\Connection.php:361
- C:\xampp\htdocs\caketaksedap\vendor\cakephp\cakephp\src\Database\Connection.php:310
- C:\xampp\htdocs\caketaksedap\vendor\cakephp\cakephp\src\Core\Retry\CommandRetry.php:69
- C:\xampp\htdocs\caketaksedap\vendor\cakephp\cakephp\src\Database\Connection.php:314
- C:\xampp\htdocs\caketaksedap\vendor\cakephp\cakephp\src\Database\Schema\Collection.php:140
- C:\xampp\htdocs\caketaksedap\vendor\cakephp\cakephp\src\Database\Schema\Collection.php:100
- C:\xampp\htdocs\caketaksedap\vendor\cakephp\cakephp\src\Database\Schema\CachedCollection.php:84
- C:\xampp\htdocs\caketaksedap\vendor\cakephp\cakephp\src\ORM\Table.php:509
- C:\xampp\htdocs\caketaksedap\vendor\cakephp\cakephp\src\ORM\Table.php:649
- C:\xampp\htdocs\caketaksedap\vendor\cakephp\bake\src\Command\ModelCommand.php:200
- C:\xampp\htdocs\caketaksedap\vendor\cakephp\bake\src\Command\ModelCommand.php:123
- C:\xampp\htdocs\caketaksedap\vendor\cakephp\bake\src\Command\ModelCommand.php:99
- C:\xampp\htdocs\caketaksedap\vendor\cakephp\bake\src\Command\ModelCommand.php:82
- C:\xampp\htdocs\caketaksedap\vendor\cakephp\bake\src\Command\AllCommand.php:94
- C:\xampp\htdocs\caketaksedap\vendor\cakephp\cakephp\src\Console\BaseCommand.php:175
- C:\xampp\htdocs\caketaksedap\vendor\cakephp\cakephp\src\Console\CommandRunner.php:336
- C:\xampp\htdocs\caketaksedap\vendor\cakephp\cakephp\src\Console\CommandRunner.php:171
- C:\xampp\htdocs\caketaksedap\bin\cake.php:12



2020-04-24 14:20:00 Error: [Cake\Database\Exception] SQLSTATE[42S02]: Base table or view not found: 1146 Table 'caketaksedap.model' doesn't exist in C:\xampp\htdocs\caketaksedap\vendor\cakephp\cakephp\src\Database\Schema\Collection.php on line 142
Stack Trace:
- C:\xampp\htdocs\caketaksedap\vendor\cakephp\cakephp\src\Database\Schema\Collection.php:100
- C:\xampp\htdocs\caketaksedap\vendor\cakephp\cakephp\src\Database\Schema\CachedCollection.php:84
- C:\xampp\htdocs\caketaksedap\vendor\cakephp\cakephp\src\ORM\Table.php:509
- C:\xampp\htdocs\caketaksedap\vendor\cakephp\cakephp\src\ORM\Table.php:649
- C:\xampp\htdocs\caketaksedap\vendor\cakephp\bake\src\Command\ModelCommand.php:200
- C:\xampp\htdocs\caketaksedap\vendor\cakephp\bake\src\Command\ModelCommand.php:123
- C:\xampp\htdocs\caketaksedap\vendor\cakephp\bake\src\Command\ModelCommand.php:99
- C:\xampp\htdocs\caketaksedap\vendor\cakephp\bake\src\Command\ModelCommand.php:82
- C:\xampp\htdocs\caketaksedap\vendor\cakephp\bake\src\Command\AllCommand.php:94
- C:\xampp\htdocs\caketaksedap\vendor\cakephp\cakephp\src\Console\BaseCommand.php:175
- C:\xampp\htdocs\caketaksedap\vendor\cakephp\cakephp\src\Console\CommandRunner.php:336
- C:\xampp\htdocs\caketaksedap\vendor\cakephp\cakephp\src\Console\CommandRunner.php:171
- C:\xampp\htdocs\caketaksedap\bin\cake.php:12

Caused by: [PDOException] SQLSTATE[42S02]: Base table or view not found: 1146 Table 'caketaksedap.model' doesn't exist in C:\xampp\htdocs\caketaksedap\vendor\cakephp\cakephp\src\Database\Statement\MysqlStatement.php on line 39
Stack Trace:
- C:\xampp\htdocs\caketaksedap\vendor\cakephp\cakephp\src\Database\Statement\MysqlStatement.php:39
- C:\xampp\htdocs\caketaksedap\vendor\cakephp\cakephp\src\Database\Connection.php:358
- C:\xampp\htdocs\caketaksedap\vendor\cakephp\cakephp\src\Core\Retry\CommandRetry.php:69
- C:\xampp\htdocs\caketaksedap\vendor\cakephp\cakephp\src\Database\Connection.php:361
- C:\xampp\htdocs\caketaksedap\vendor\cakephp\cakephp\src\Database\Connection.php:310
- C:\xampp\htdocs\caketaksedap\vendor\cakephp\cakephp\src\Core\Retry\CommandRetry.php:69
- C:\xampp\htdocs\caketaksedap\vendor\cakephp\cakephp\src\Database\Connection.php:314
- C:\xampp\htdocs\caketaksedap\vendor\cakephp\cakephp\src\Database\Schema\Collection.php:140
- C:\xampp\htdocs\caketaksedap\vendor\cakephp\cakephp\src\Database\Schema\Collection.php:100
- C:\xampp\htdocs\caketaksedap\vendor\cakephp\cakephp\src\Database\Schema\CachedCollection.php:84
- C:\xampp\htdocs\caketaksedap\vendor\cakephp\cakephp\src\ORM\Table.php:509
- C:\xampp\htdocs\caketaksedap\vendor\cakephp\cakephp\src\ORM\Table.php:649
- C:\xampp\htdocs\caketaksedap\vendor\cakephp\bake\src\Command\ModelCommand.php:200
- C:\xampp\htdocs\caketaksedap\vendor\cakephp\bake\src\Command\ModelCommand.php:123
- C:\xampp\htdocs\caketaksedap\vendor\cakephp\bake\src\Command\ModelCommand.php:99
- C:\xampp\htdocs\caketaksedap\vendor\cakephp\bake\src\Command\ModelCommand.php:82
- C:\xampp\htdocs\caketaksedap\vendor\cakephp\bake\src\Command\AllCommand.php:94
- C:\xampp\htdocs\caketaksedap\vendor\cakephp\cakephp\src\Console\BaseCommand.php:175
- C:\xampp\htdocs\caketaksedap\vendor\cakephp\cakephp\src\Console\CommandRunner.php:336
- C:\xampp\htdocs\caketaksedap\vendor\cakephp\cakephp\src\Console\CommandRunner.php:171
- C:\xampp\htdocs\caketaksedap\bin\cake.php:12



